# JRE version: Java(TM) SE Runtime Environment (8.0_122-b04) (build 1.8.0_122-ea-b04)
# Java VM: Java HotSpot(TM) 64-Bit Server VM (25.122-b04 mixed mode windows-amd64 compressed oops)
Heap:
 PSYoungGen      total 135168K, used 84512K [0x00000000d5e00000, 0x00000000e6600000, 0x0000000100000000)
  eden space 133120K, 62% used [0x00000000d5e00000,0x00000000daf182a0,0x00000000de000000)
  from space 2048K, 71% used [0x00000000de000000,0x00000000de170010,0x00000000de200000)
  to   space 2048K, 0% used [0x00000000e6400000,0x00000000e6400000,0x00000000e6600000)
 ParOldGen       total 87552K, used 25197K [0x0000000081a00000, 0x0000000086f80000, 0x00000000d5e00000)
  object space 87552K, 28% used [0x0000000081a00000,0x000000008329b5f8,0x0000000086f80000)
 Metaspace       used 8683K, capacity 8825K, committed 8960K, reserved 1056768K
  class space    used 885K, capacity 955K, committed 1024K, reserved 1048576K
GC Heap History (10 events):
Event: 3.814 GC heap before
{Heap before GC invocations=3 (full 0):
 PSYoungGen      total 38400K, used 34672K [0x00000000d5e00000, 0x00000000da900000, 0x0000000100000000)
  eden space 33280K, 100% used [0x00000000d5e00000,0x00000000d7e80000,0x00000000d7e80000)
  from space 5120K, 27% used [0x00000000d8380000,0x00000000d84dc010,0x00000000d8880000)
  to   space 5120K, 0% used [0x00000000d7e80000,0x00000000d7e80000,0x00000000d8380000)
 ParOldGen       total 87552K, used 18789K [0x0000000081a00000, 0x0000000086f80000, 0x00000000d5e00000)
  object space 87552K, 21% used [0x0000000081a00000,0x0000000082c59410,0x0000000086f80000)
 Metaspace       used 7917K, capacity 8051K, committed 8064K, reserved 1056768K
  class space    used 822K, capacity 890K, committed 896K, reserved 1048576K
Event: 3.815 GC heap after
Heap after GC invocations=3 (full 0):
 PSYoungGen      total 38400K, used 1296K [0x00000000d5e00000, 0x00000000da900000, 0x0000000100000000)
  eden space 33280K, 0% used [0x00000000d5e00000,0x00000000d5e00000,0x00000000d7e80000)
  from space 5120K, 25% used [0x00000000d7e80000,0x00000000d7fc4010,0x00000000d8380000)
  to   space 5120K, 0% used [0x00000000da400000,0x00000000da400000,0x00000000da900000)
 ParOldGen       total 87552K, used 18797K [0x0000000081a00000, 0x0000000086f80000, 0x00000000d5e00000)
  object space 87552K, 21% used [0x0000000081a00000,0x0000000082c5b410,0x0000000086f80000)
 Metaspace       used 7917K, capacity 8051K, committed 8064K, reserved 1056768K
  class space    used 822K, capacity 890K, committed 896K, reserved 1048576K
}
Event: 3.847 GC heap before
{Heap before GC invocations=4 (full 0):
 PSYoungGen      total 38400K, used 34576K [0x00000000d5e00000, 0x00000000da900000, 0x0000000100000000)
  eden space 33280K, 100% used [0x00000000d5e00000,0x00000000d7e80000,0x00000000d7e80000)
  from space 5120K, 25% used [0x00000000d7e80000,0x00000000d7fc4010,0x00000000d8380000)
  to   space 5120K, 0% used [0x00000000da400000,0x00000000da400000,0x00000000da900000)
 ParOldGen       total 87552K, used 18797K [0x0000000081a00000, 0x0000000086f80000, 0x00000000d5e00000)
  object space 87552K, 21% used [0x0000000081a00000,0x0000000082c5b410,0x0000000086f80000)
 Metaspace       used 7917K, capacity 8051K, committed 8064K, reserved 1056768K
  class space    used 822K, capacity 890K, committed 896K, reserved 1048576K
Event: 3.849 GC heap after
Heap after GC invocations=4 (full 0):
 PSYoungGen      total 71680K, used 1344K [0x00000000d5e00000, 0x00000000da900000, 0x0000000100000000)
  eden space 66560K, 0% used [0x00000000d5e00000,0x00000000d5e00000,0x00000000d9f00000)
  from space 5120K, 26% used [0x00000000da400000,0x00000000da550000,0x00000000da900000)
  to   space 5120K, 0% used [0x00000000d9f00000,0x00000000d9f00000,0x00000000da400000)
 ParOldGen       total 87552K, used 18805K [0x0000000081a00000, 0x0000000086f80000, 0x00000000d5e00000)
  object space 87552K, 21% used [0x0000000081a00000,0x0000000082c5d410,0x0000000086f80000)
 Metaspace       used 7917K, capacity 8051K, committed 8064K, reserved 1056768K
  class space    used 822K, capacity 890K, committed 896K, reserved 1048576K
}
Event: 3.927 GC heap before
{Heap before GC invocations=5 (full 0):
 PSYoungGen      total 71680K, used 67904K [0x00000000d5e00000, 0x00000000da900000, 0x0000000100000000)
  eden space 66560K, 100% used [0x00000000d5e00000,0x00000000d9f00000,0x00000000d9f00000)
  from space 5120K, 26% used [0x00000000da400000,0x00000000da550000,0x00000000da900000)
  to   space 5120K, 0% used [0x00000000d9f00000,0x00000000d9f00000,0x00000000da400000)
 ParOldGen       total 87552K, used 18805K [0x0000000081a00000, 0x0000000086f80000, 0x00000000d5e00000)
  object space 87552K, 21% used [0x0000000081a00000,0x0000000082c5d410,0x0000000086f80000)
 Metaspace       used 7917K, capacity 8051K, committed 8064K, reserved 1056768K
  class space    used 822K, capacity 890K, committed 896K, reserved 1048576K
Event: 3.929 GC heap after
Heap after GC invocations=5 (full 0):
 PSYoungGen      total 71680K, used 1312K [0x00000000d5e00000, 0x00000000de400000, 0x0000000100000000)
  eden space 66560K, 0% used [0x00000000d5e00000,0x00000000d5e00000,0x00000000d9f00000)
  from space 5120K, 25% used [0x00000000d9f00000,0x00000000da048000,0x00000000da400000)
  to   space 2048K, 0% used [0x00000000de200000,0x00000000de200000,0x00000000de400000)
 ParOldGen       total 87552K, used 18813K [0x0000000081a00000, 0x0000000086f80000, 0x00000000d5e00000)
  object space 87552K, 21% used [0x0000000081a00000,0x0000000082c5f410,0x0000000086f80000)
 Metaspace       used 7917K, capacity 8051K, committed 8064K, reserved 1056768K
  class space    used 822K, capacity 890K, committed 896K, reserved 1048576K
}
Event: 3.997 GC heap before
{Heap before GC invocations=6 (full 0):
 PSYoungGen      total 71680K, used 67872K [0x00000000d5e00000, 0x00000000de400000, 0x0000000100000000)
  eden space 66560K, 100% used [0x00000000d5e00000,0x00000000d9f00000,0x00000000d9f00000)
  from space 5120K, 25% used [0x00000000d9f00000,0x00000000da048000,0x00000000da400000)
  to   space 2048K, 0% used [0x00000000de200000,0x00000000de200000,0x00000000de400000)
 ParOldGen       total 87552K, used 18813K [0x0000000081a00000, 0x0000000086f80000, 0x00000000d5e00000)
  object space 87552K, 21% used [0x0000000081a00000,0x0000000082c5f410,0x0000000086f80000)
 Metaspace       used 7917K, capacity 8051K, committed 8064K, reserved 1056768K
  class space    used 822K, capacity 890K, committed 896K, reserved 1048576K
Event: 3.999 GC heap after
Heap after GC invocations=6 (full 0):
 PSYoungGen      total 135168K, used 1296K [0x00000000d5e00000, 0x00000000de400000, 0x0000000100000000)
  eden space 133120K, 0% used [0x00000000d5e00000,0x00000000d5e00000,0x00000000de000000)
  from space 2048K, 63% used [0x00000000de200000,0x00000000de344010,0x00000000de400000)
  to   space 2048K, 0% used [0x00000000de000000,0x00000000de000000,0x00000000de200000)
 ParOldGen       total 87552K, used 18813K [0x0000000081a00000, 0x0000000086f80000, 0x00000000d5e00000)
  object space 87552K, 21% used [0x0000000081a00000,0x0000000082c5f410,0x0000000086f80000)
 Metaspace       used 7917K, capacity 8051K, committed 8064K, reserved 1056768K
  class space    used 822K, capacity 890K, committed 896K, reserved 1048576K
}
Event: 6.073 GC heap before
{Heap before GC invocations=7 (full 0):
 PSYoungGen      total 135168K, used 134416K [0x00000000d5e00000, 0x00000000de400000, 0x0000000100000000)
  eden space 133120K, 100% used [0x00000000d5e00000,0x00000000de000000,0x00000000de000000)
  from space 2048K, 63% used [0x00000000de200000,0x00000000de344010,0x00000000de400000)
  to   space 2048K, 0% used [0x00000000de000000,0x00000000de000000,0x00000000de200000)
 ParOldGen       total 87552K, used 18813K [0x0000000081a00000, 0x0000000086f80000, 0x00000000d5e00000)
  object space 87552K, 21% used [0x0000000081a00000,0x0000000082c5f410,0x0000000086f80000)
 Metaspace       used 8432K, capacity 8601K, committed 8704K, reserved 1056768K
  class space    used 863K, capacity 923K, committed 1024K, reserved 1048576K
Event: 6.077 GC heap after
Heap after GC invocations=7 (full 0):
 PSYoungGen      total 135168K, used 1472K [0x00000000d5e00000, 0x00000000e6600000, 0x0000000100000000)
  eden space 133120K, 0% used [0x00000000d5e00000,0x00000000d5e00000,0x00000000de000000)
  from space 2048K, 71% used [0x00000000de000000,0x00000000de170010,0x00000000de200000)
  to   space 2048K, 0% used [0x00000000e6400000,0x00000000e6400000,0x00000000e6600000)
 ParOldGen       total 87552K, used 25197K [0x0000000081a00000, 0x0000000086f80000, 0x00000000d5e00000)
  object space 87552K, 28% used [0x0000000081a00000,0x000000008329b5f8,0x0000000086f80000)
 Metaspace       used 8432K, capacity 8601K, committed 8704K, reserved 1056768K
  class space    used 863K, capacity 923K, committed 1024K, reserved 1048576K
}

